<?xml version="1.0" encoding="UTF-8"?>
<testsuite name="com.kgy.book.springboot.domain.posts.PostsRepositoryTest" tests="2" skipped="0" failures="0" errors="0" timestamp="2020-02-12T03:45:09" hostname="DESKTOP-O42131M" time="0.448">
  <properties/>
  <testcase name="게시글저장_불러오기" classname="com.kgy.book.springboot.domain.posts.PostsRepositoryTest" time="0.432"/>
  <testcase name="BaseTimeEntity_등록" classname="com.kgy.book.springboot.domain.posts.PostsRepositoryTest" time="0.016"/>
  <system-out><![CDATA[2020-02-12 12:44:59.521  INFO 14436 --- [    Test worker] .b.t.c.SpringBootTestContextBootstrapper : Neither @ContextConfiguration nor @ContextHierarchy found for test class [com.kgy.book.springboot.domain.posts.PostsRepositoryTest], using SpringBootContextLoader
2020-02-12 12:44:59.522  INFO 14436 --- [    Test worker] o.s.t.c.support.AbstractContextLoader    : Could not detect default resource locations for test class [com.kgy.book.springboot.domain.posts.PostsRepositoryTest]: no resource found for suffixes {-context.xml, Context.groovy}.
2020-02-12 12:44:59.522  INFO 14436 --- [    Test worker] t.c.s.AnnotationConfigContextLoaderUtils : Could not detect default configuration classes for test class [com.kgy.book.springboot.domain.posts.PostsRepositoryTest]: PostsRepositoryTest does not declare any static, non-private, non-final, nested classes annotated with @Configuration.
2020-02-12 12:44:59.545  INFO 14436 --- [    Test worker] .b.t.c.SpringBootTestContextBootstrapper : Found @SpringBootConfiguration com.kgy.book.springboot.Application for test class com.kgy.book.springboot.domain.posts.PostsRepositoryTest
2020-02-12 12:44:59.548  INFO 14436 --- [    Test worker] .b.t.c.SpringBootTestContextBootstrapper : Loaded default TestExecutionListener class names from location [META-INF/spring.factories]: [org.springframework.security.test.context.support.WithSecurityContextTestExecutionListener, org.springframework.security.test.context.support.ReactorContextTestExecutionListener, org.springframework.boot.test.autoconfigure.restdocs.RestDocsTestExecutionListener, org.springframework.boot.test.autoconfigure.web.client.MockRestServiceServerResetTestExecutionListener, org.springframework.boot.test.autoconfigure.web.servlet.MockMvcPrintOnlyOnFailureTestExecutionListener, org.springframework.boot.test.autoconfigure.web.servlet.WebDriverTestExecutionListener, org.springframework.boot.test.mock.mockito.MockitoTestExecutionListener, org.springframework.boot.test.mock.mockito.ResetMocksTestExecutionListener, org.springframework.test.context.web.ServletTestExecutionListener, org.springframework.test.context.support.DirtiesContextBeforeModesTestExecutionListener, org.springframework.test.context.support.DependencyInjectionTestExecutionListener, org.springframework.test.context.support.DirtiesContextTestExecutionListener, org.springframework.test.context.transaction.TransactionalTestExecutionListener, org.springframework.test.context.jdbc.SqlScriptsTestExecutionListener]
2020-02-12 12:44:59.550  INFO 14436 --- [    Test worker] .b.t.c.SpringBootTestContextBootstrapper : Using TestExecutionListeners: [org.springframework.test.context.web.ServletTestExecutionListener@10c8fd07, org.springframework.test.context.support.DirtiesContextBeforeModesTestExecutionListener@2874c4da, org.springframework.boot.test.mock.mockito.MockitoTestExecutionListener@4e1c8f99, org.springframework.boot.test.autoconfigure.SpringBootDependencyInjectionTestExecutionListener@48052781, org.springframework.test.context.support.DirtiesContextTestExecutionListener@1ff2db43, org.springframework.test.context.transaction.TransactionalTestExecutionListener@11ae9e73, org.springframework.test.context.jdbc.SqlScriptsTestExecutionListener@3be4bb98, org.springframework.security.test.context.support.WithSecurityContextTestExecutionListener@5a3caa4a, org.springframework.security.test.context.support.ReactorContextTestExecutionListener@539d5a8d, org.springframework.boot.test.autoconfigure.restdocs.RestDocsTestExecutionListener@36a50b8b, org.springframework.boot.test.autoconfigure.web.client.MockRestServiceServerResetTestExecutionListener@28834ebc, org.springframework.boot.test.autoconfigure.web.servlet.MockMvcPrintOnlyOnFailureTestExecutionListener@17d2df1c, org.springframework.boot.test.autoconfigure.web.servlet.WebDriverTestExecutionListener@2e22a659, org.springframework.boot.test.mock.mockito.ResetMocksTestExecutionListener@30c51945]

  .   ____          _            __ _ _
 /\\ / ___'_ __ _ _(_)_ __  __ _ \ \ \ \
( ( )\___ | '_ | '_| | '_ \/ _` | \ \ \ \
 \\/  ___)| |_)| | | | | || (_| |  ) ) ) )
  '  |____| .__|_| |_|_| |_\__, | / / / /
 =========|_|==============|___/=/_/_/_/
 :: Spring Boot ::        (v2.1.7.RELEASE)

2020-02-12 12:44:59.606  INFO 14436 --- [    Test worker] c.k.b.s.d.posts.PostsRepositoryTest      : Starting PostsRepositoryTest on DESKTOP-O42131M with PID 14436 (started by akima in C:\Users\akima\IdeaProjects\springboot2-book)
2020-02-12 12:44:59.607  INFO 14436 --- [    Test worker] c.k.b.s.d.posts.PostsRepositoryTest      : No active profile set, falling back to default profiles: default
2020-02-12 12:45:00.588  INFO 14436 --- [    Test worker] .s.d.r.c.RepositoryConfigurationDelegate : Bootstrapping Spring Data repositories in DEFAULT mode.
2020-02-12 12:45:00.778  INFO 14436 --- [    Test worker] .s.d.r.c.RepositoryConfigurationDelegate : Finished Spring Data repository scanning in 167ms. Found 2 repository interfaces.
2020-02-12 12:45:01.390  INFO 14436 --- [    Test worker] trationDelegate$BeanPostProcessorChecker : Bean 'org.springframework.transaction.annotation.ProxyTransactionManagementConfiguration' of type [org.springframework.transaction.annotation.ProxyTransactionManagementConfiguration$$EnhancerBySpringCGLIB$$b26e272a] is not eligible for getting processed by all BeanPostProcessors (for example: not eligible for auto-proxying)
2020-02-12 12:45:01.789  INFO 14436 --- [    Test worker] com.zaxxer.hikari.HikariDataSource       : HikariPool-1 - Starting...
2020-02-12 12:45:02.160  INFO 14436 --- [    Test worker] com.zaxxer.hikari.HikariDataSource       : HikariPool-1 - Start completed.
2020-02-12 12:45:02.378  INFO 14436 --- [    Test worker] o.hibernate.jpa.internal.util.LogHelper  : HHH000204: Processing PersistenceUnitInfo [
	name: default
	...]
2020-02-12 12:45:02.613  INFO 14436 --- [    Test worker] org.hibernate.Version                    : HHH000412: Hibernate Core {5.3.10.Final}
2020-02-12 12:45:02.618  INFO 14436 --- [    Test worker] org.hibernate.cfg.Environment            : HHH000206: hibernate.properties not found
2020-02-12 12:45:02.803  INFO 14436 --- [    Test worker] o.hibernate.annotations.common.Version   : HCANN000001: Hibernate Commons Annotations {5.0.4.Final}
2020-02-12 12:45:03.265  INFO 14436 --- [    Test worker] org.hibernate.dialect.Dialect            : HHH000400: Using dialect: org.hibernate.dialect.MySQL5InnoDBDialect
Hibernate: drop table if exists posts
Hibernate: drop table if exists user
Hibernate: create table posts (id bigint not null auto_increment, created_date datetime, modified_date datetime, author varchar(255), content TEXT not null, title varchar(500) not null, primary key (id)) engine=InnoDB
Hibernate: create table user (id bigint not null auto_increment, created_date datetime, modified_date datetime, email varchar(255) not null, name varchar(255) not null, picture varchar(255), role varchar(255) not null, primary key (id)) engine=InnoDB
2020-02-12 12:45:04.854  INFO 14436 --- [    Test worker] o.h.t.schema.internal.SchemaCreatorImpl  : HHH000476: Executing import script 'org.hibernate.tool.schema.internal.exec.ScriptSourceInputNonExistentImpl@5ff5a633'
2020-02-12 12:45:04.861  INFO 14436 --- [    Test worker] j.LocalContainerEntityManagerFactoryBean : Initialized JPA EntityManagerFactory for persistence unit 'default'
2020-02-12 12:45:05.999  INFO 14436 --- [    Test worker] o.h.h.i.QueryTranslatorFactoryInitiator  : HHH000397: Using ASTQueryTranslatorFactory
2020-02-12 12:45:06.808  INFO 14436 --- [    Test worker] o.s.s.web.DefaultSecurityFilterChain     : Creating filter chain: any request, [org.springframework.security.web.context.request.async.WebAsyncManagerIntegrationFilter@1954c7b, org.springframework.security.web.context.SecurityContextPersistenceFilter@1e16721, org.springframework.security.web.header.HeaderWriterFilter@12ab314, org.springframework.security.web.authentication.logout.LogoutFilter@2bb634b6, org.springframework.security.oauth2.client.web.OAuth2AuthorizationRequestRedirectFilter@189145f, org.springframework.security.oauth2.client.web.OAuth2LoginAuthenticationFilter@5e58e2d2, org.springframework.security.web.authentication.ui.DefaultLoginPageGeneratingFilter@216487d4, org.springframework.security.web.authentication.ui.DefaultLogoutPageGeneratingFilter@504fe5aa, org.springframework.security.web.savedrequest.RequestCacheAwareFilter@4be6e49b, org.springframework.security.web.servletapi.SecurityContextHolderAwareRequestFilter@1f004ce0, org.springframework.security.web.authentication.AnonymousAuthenticationFilter@4918c303, org.springframework.security.web.session.SessionManagementFilter@7b48a246, org.springframework.security.web.access.ExceptionTranslationFilter@363f8e48, org.springframework.security.web.access.intercept.FilterSecurityInterceptor@1a33da99]
2020-02-12 12:45:07.768  INFO 14436 --- [    Test worker] o.s.s.concurrent.ThreadPoolTaskExecutor  : Initializing ExecutorService 'applicationTaskExecutor'
2020-02-12 12:45:07.809  WARN 14436 --- [    Test worker] aWebConfiguration$JpaWebMvcConfiguration : spring.jpa.open-in-view is enabled by default. Therefore, database queries may be performed during view rendering. Explicitly configure spring.jpa.open-in-view to disable this warning
2020-02-12 12:45:07.893  INFO 14436 --- [    Test worker] o.s.b.a.w.s.WelcomePageHandlerMapping    : Adding welcome page template: index
2020-02-12 12:45:09.018  INFO 14436 --- [    Test worker] s.a.ScheduledAnnotationBeanPostProcessor : No TaskScheduler/ScheduledExecutorService bean found for scheduled processing
2020-02-12 12:45:09.037  INFO 14436 --- [    Test worker] c.k.b.s.d.posts.PostsRepositoryTest      : Started PostsRepositoryTest in 9.484 seconds (JVM running for 17.946)
Hibernate: insert into posts (created_date, modified_date, author, content, title) values (?, ?, ?, ?, ?)
Hibernate: select posts0_.id as id1_0_, posts0_.created_date as created_2_0_, posts0_.modified_date as modified3_0_, posts0_.author as author4_0_, posts0_.content as content5_0_, posts0_.title as title6_0_ from posts posts0_
Hibernate: select posts0_.id as id1_0_, posts0_.created_date as created_2_0_, posts0_.modified_date as modified3_0_, posts0_.author as author4_0_, posts0_.content as content5_0_, posts0_.title as title6_0_ from posts posts0_
Hibernate: delete from posts where id=?
Hibernate: insert into posts (created_date, modified_date, author, content, title) values (?, ?, ?, ?, ?)
Hibernate: select posts0_.id as id1_0_, posts0_.created_date as created_2_0_, posts0_.modified_date as modified3_0_, posts0_.author as author4_0_, posts0_.content as content5_0_, posts0_.title as title6_0_ from posts posts0_
>>>>> createDate = 2020-02-12T12:45:09.482, modifiedDate = 2020-02-12T12:45:09.482
Hibernate: select posts0_.id as id1_0_, posts0_.created_date as created_2_0_, posts0_.modified_date as modified3_0_, posts0_.author as author4_0_, posts0_.content as content5_0_, posts0_.title as title6_0_ from posts posts0_
Hibernate: delete from posts where id=?
]]></system-out>
  <system-err><![CDATA[]]></system-err>
</testsuite>
